--2009-08-18 14:40:22--  http://www.geocities.com/SiliconValley/Horizon/5854/phoenix.zip
Resolving www.geocities.com... 98.137.46.72
Connecting to www.geocities.com|98.137.46.72|:80... connected.
HTTP request sent, awaiting response... 404 Not Found
2009-08-18 14:40:22 ERROR 404: Not Found.

--2009-08-18 14:40:22--  http://www.geocities.com/SiliconValley/Sector/9242/anodyne.zip
Connecting to www.geocities.com|98.137.46.72|:80... connected.
HTTP request sent, awaiting response... 404 Not Found
2009-08-18 14:40:23 ERROR 404: Not Found.

--2009-08-18 14:40:23--  http://www.geocities.com/SiliconValley/Sector/9242/macplus.zip
Connecting to www.geocities.com|98.137.46.72|:80... connected.
HTTP request sent, awaiting response... 404 Not Found
2009-08-18 14:40:23 ERROR 404: Not Found.

--2009-08-18 14:40:23--  http://www.geocities.com/SiliconValley/Sector/9242/deus_g97.zip
Connecting to www.geocities.com|98.137.46.72|:80... connected.
HTTP request sent, awaiting response... 404 Not Found
2009-08-18 14:40:23 ERROR 404: Not Found.

--2009-08-18 14:40:23--  http://www.geocities.com/elitegroupfr/efr-madeby.zip
Connecting to www.geocities.com|98.137.46.72|:80... connected.
HTTP request sent, awaiting response... 404 Not Found
2009-08-18 14:40:24 ERROR 404: Not Found.

--2009-08-18 14:40:24--  http://www.geocities.com/dminds_cpc/OV5.zip
Connecting to www.geocities.com|98.137.46.72|:80... connected.
HTTP request sent, awaiting response... 404 Not Found
2009-08-18 14:40:24 ERROR 404: Not Found.

--2009-08-18 14:40:24--  http://www.geocities.com/dminds_cpc/B98.zip
Connecting to www.geocities.com|98.137.46.72|:80... connected.
HTTP request sent, awaiting response... 404 Not Found
2009-08-18 14:40:25 ERROR 404: Not Found.

--2009-08-18 14:40:25--  http://www.geocities.com/SiliconValley/Lab/5242/Focus1.zip
Connecting to www.geocities.com|98.137.46.72|:80... connected.
HTTP request sent, awaiting response... 404 Not Found
2009-08-18 14:40:25 ERROR 404: Not Found.

--2009-08-18 14:40:25--  http://www.geocities.com/SiliconValley/Lab/5242/Focus2.zip
Connecting to www.geocities.com|98.137.46.72|:80... connected.
HTTP request sent, awaiting response... 404 Not Found
2009-08-18 14:40:25 ERROR 404: Not Found.

--2009-08-18 14:40:25--  http://www.geocities.com/kosicky_vyber/files/balada.zip
Connecting to www.geocities.com|98.137.46.72|:80... connected.
HTTP request sent, awaiting response... 404 Not Found
2009-08-18 14:40:26 ERROR 404: Not Found.

--2009-08-18 14:40:26--  http://www.geocities.com/SiliconValley/Sector/9242/prods/Macarona32.zip
Connecting to www.geocities.com|98.137.46.72|:80... connected.
HTTP request sent, awaiting response... 200 OK
Length: 243890 (238K) [application/zip]
Saving to: `Macarona32.zip'

     0K .......... .......... .......... .......... .......... 20%  100K 2s
    50K .......... .......... .......... .......... .......... 41%  304K 1s
   100K .......... .......... .......... .......... .......... 62%  304K 0s
   150K .......... .......... .......... .......... .......... 83%  305K 0s
   200K .......... .......... .......... ........             100% 56.0M=1.0s

2009-08-18 14:40:27 (240 KB/s) - `Macarona32.zip' saved [243890/243890]

--2009-08-18 14:40:27--  http://www.geocities.com/SiliconValley/Sector/9242/prods/trir32.zip
Connecting to www.geocities.com|98.137.46.72|:80... connected.
HTTP request sent, awaiting response... 200 OK
Length: 1312399 (1.3M) [application/zip]
Saving to: `trir32.zip'

     0K .......... .......... .......... .......... ..........  3% 98.4K 13s
    50K .......... .......... .......... .......... ..........  7%  301K 8s
   100K .......... .......... .......... .......... .......... 11%  302K 6s
   150K .......... .......... .......... .......... .......... 15%  302K 5s
   200K .......... .......... .......... .......... .......... 19% 55.6M 4s
   250K .......... .......... .......... .......... .......... 23%  303K 4s
   300K .......... .......... .......... .......... .......... 27% 50.4M 3s
   350K .......... .......... .......... .......... .......... 31%  290K 3s
   400K .......... .......... .......... .......... .......... 35% 46.1M 2s
   450K .......... .......... .......... .......... .......... 39% 53.0M 2s
   500K .......... .......... .......... .......... .......... 42% 12.5M 2s
   550K .......... .......... .......... .......... .......... 46%  313K 2s
   600K .......... .......... .......... .......... .......... 50% 2.98M 1s
   650K .......... .......... .......... .......... .......... 54% 3.75M 1s
   700K .......... .......... .......... .......... .......... 58% 6.67M 1s
   750K .......... .......... .......... .......... .......... 62% 3.73M 1s
   800K .......... .......... .......... .......... .......... 66%  414K 1s
   850K .......... .......... .......... .......... .......... 70% 2.71M 1s
   900K .......... .......... .......... .......... .......... 74% 3.55M 1s
   950K .......... .......... .......... .......... .......... 78% 3.74M 0s
  1000K .......... .......... .......... .......... .......... 81%  387K 0s
  1050K .......... .......... .......... .......... .......... 85% 7.77M 0s
  1100K .......... .......... .......... .......... .......... 89% 3.06M 0s
  1150K .......... .......... .......... .......... .......... 93% 3.43M 0s
  1200K .......... .......... .......... .......... .......... 97%  384K 0s
  1250K .......... .......... .......... .                    100% 6.95M=2.0s

2009-08-18 14:40:29 (633 KB/s) - `trir32.zip' saved [1312399/1312399]

--2009-08-18 14:40:29--  http://www.geocities.com/amigaintros1/s/skidrow/skidrow_lemmings.zip
Connecting to www.geocities.com|98.137.46.72|:80... connected.
HTTP request sent, awaiting response... 200 OK
Length: 14723 (14K) [application/zip]
Saving to: `skidrow_lemmings.zip'

     0K .......... ....                                       100% 42.2K=0.3s

2009-08-18 14:40:30 (42.2 KB/s) - `skidrow_lemmings.zip' saved [14723/14723]

--2009-08-18 14:40:30--  http://www.geocities.com/amigaintros1/p/paranoimia/paranoimia_shinobi.zip
Connecting to www.geocities.com|98.137.46.72|:80... connected.
HTTP request sent, awaiting response... 200 OK
Length: 6022 (5.9K) [application/zip]
Saving to: `paranoimia_shinobi.zip'

     0K .....                                                 100% 37.0K=0.2s

2009-08-18 14:40:30 (37.0 KB/s) - `paranoimia_shinobi.zip' saved [6022/6022]

--2009-08-18 14:40:30--  http://www.geocities.com/SiliconValley/2656/bm12.zip
Connecting to www.geocities.com|98.137.46.72|:80... connected.
HTTP request sent, awaiting response... 404 Not Found
2009-08-18 14:40:31 ERROR 404: Not Found.

--2009-08-18 14:40:31--  http://www.geocities.com/shewitt_au/Gbademo.zip
Connecting to www.geocities.com|98.137.46.72|:80... connected.
HTTP request sent, awaiting response... 200 OK
Length: 1048 (1.0K) [application/zip]
Saving to: `Gbademo.zip'

     0K .                                                     100%  148M=0s

2009-08-18 14:40:31 (148 MB/s) - `Gbademo.zip' saved [1048/1048]

--2009-08-18 14:40:31--  http://www.geocities.com/clemsche/c64/4k-ichwusste.zip
Connecting to www.geocities.com|98.137.46.72|:80... connected.
HTTP request sent, awaiting response... 200 OK
Length: 24934 (24K) [application/zip]
Saving to: `4k-ichwusste.zip'

     0K .......... .......... ....                            100% 74.5K=0.3s

2009-08-18 14:40:32 (74.5 KB/s) - `4k-ichwusste.zip' saved [24934/24934]

--2009-08-18 14:40:32--  http://www.geocities.com/dminds_cpc/plasmaworld.zip
Connecting to www.geocities.com|98.137.46.72|:80... connected.
HTTP request sent, awaiting response... 200 OK
Length: 15591 (15K) [application/zip]
Saving to: `plasmaworld.zip'

     0K .......... .....                                      100% 44.6K=0.3s

2009-08-18 14:40:32 (44.6 KB/s) - `plasmaworld.zip' saved [15591/15591]

--2009-08-18 14:40:32--  http://www.geocities.com/demospace213/103002.html
Connecting to www.geocities.com|98.137.46.72|:80... connected.
HTTP request sent, awaiting response... 200 OK
Length: 1745 (1.7K) [text/html]
Saving to: `103002.html'

     0K .                                                     100% 79.6M=0s

2009-08-18 14:40:33 (79.6 MB/s) - `103002.html' saved [1745/1745]

--2009-08-18 14:40:33--  http://www.geocities.com/demospace213/103002.html
Connecting to www.geocities.com|98.137.46.72|:80... connected.
HTTP request sent, awaiting response... 200 OK
Length: 1745 (1.7K) [text/html]
Saving to: `103002.html.1'

     0K .                                                     100%  242M=0s

2009-08-18 14:40:33 (242 MB/s) - `103002.html.1' saved [1745/1745]

--2009-08-18 14:40:33--  http://www.geocities.com/demospace213/103002.html
Connecting to www.geocities.com|98.137.46.72|:80... connected.
HTTP request sent, awaiting response... 200 OK
Length: 1745 (1.7K) [text/html]
Saving to: `103002.html.2'

     0K .                                                     100%  259M=0s

2009-08-18 14:40:33 (259 MB/s) - `103002.html.2' saved [1745/1745]

--2009-08-18 14:40:33--  http://www.geocities.com/demospace213/103002.html
Connecting to www.geocities.com|98.137.46.72|:80... connected.
HTTP request sent, awaiting response... 200 OK
Length: 1745 (1.7K) [text/html]
Saving to: `103002.html.3'

     0K .                                                     100%  271M=0s

2009-08-18 14:40:34 (271 MB/s) - `103002.html.3' saved [1745/1745]

--2009-08-18 14:40:34--  http://www.geocities.com/demospace213/103002.html
Connecting to www.geocities.com|98.137.46.72|:80... connected.
HTTP request sent, awaiting response... 200 OK
Length: 1745 (1.7K) [text/html]
Saving to: `103002.html.4'

     0K .                                                     100%  230M=0s

2009-08-18 14:40:34 (230 MB/s) - `103002.html.4' saved [1745/1745]

--2009-08-18 14:40:34--  http://www.geocities.com/demospace213/103002.html
Connecting to www.geocities.com|98.137.46.72|:80... connected.
HTTP request sent, awaiting response... 200 OK
Length: 1745 (1.7K) [text/html]
Saving to: `103002.html.5'

     0K .                                                     100%  218M=0s

2009-08-18 14:40:34 (218 MB/s) - `103002.html.5' saved [1745/1745]

--2009-08-18 14:40:34--  http://www.geocities.com/demospace213/103002.html
Connecting to www.geocities.com|98.137.46.72|:80... connected.
HTTP request sent, awaiting response... 200 OK
Length: 1745 (1.7K) [text/html]
Saving to: `103002.html.6'

     0K .                                                     100%  237M=0s

2009-08-18 14:40:35 (237 MB/s) - `103002.html.6' saved [1745/1745]

--2009-08-18 14:40:35--  http://www.geocities.com/demospace213/103002.html
Connecting to www.geocities.com|98.137.46.72|:80... connected.
HTTP request sent, awaiting response... 200 OK
Length: 1745 (1.7K) [text/html]
Saving to: `103002.html.7'

     0K .                                                     100%  245M=0s

2009-08-18 14:40:35 (245 MB/s) - `103002.html.7' saved [1745/1745]

--2009-08-18 14:40:35--  http://www.geocities.com/demospace213/103102.html
Connecting to www.geocities.com|98.137.46.72|:80... connected.
HTTP request sent, awaiting response... 200 OK
Length: 2536 (2.5K) [text/html]
Saving to: `103102.html'

     0K ..                                                    100%  324M=0s

2009-08-18 14:40:36 (324 MB/s) - `103102.html' saved [2536/2536]

--2009-08-18 14:40:36--  http://www.geocities.com/demospace213/103102.html
Connecting to www.geocities.com|98.137.46.72|:80... connected.
HTTP request sent, awaiting response... 200 OK
Length: 2536 (2.5K) [text/html]
Saving to: `103102.html.1'

     0K ..                                                    100%  314M=0s

2009-08-18 14:40:36 (314 MB/s) - `103102.html.1' saved [2536/2536]

--2009-08-18 14:40:36--  http://www.geocities.com/demospace213/103102.html
Connecting to www.geocities.com|98.137.46.72|:80... connected.
HTTP request sent, awaiting response... 200 OK
Length: 2536 (2.5K) [text/html]
Saving to: `103102.html.2'

     0K ..                                                    100%  329M=0s

2009-08-18 14:40:36 (329 MB/s) - `103102.html.2' saved [2536/2536]

--2009-08-18 14:40:36--  http://www.geocities.com/demospace213/103102.html
Connecting to www.geocities.com|98.137.46.72|:80... connected.
HTTP request sent, awaiting response... 200 OK
Length: 2536 (2.5K) [text/html]
Saving to: `103102.html.3'

     0K ..                                                    100%  242M=0s

2009-08-18 14:40:37 (242 MB/s) - `103102.html.3' saved [2536/2536]

--2009-08-18 14:40:37--  http://www.geocities.com/demospace213/103102.html
Connecting to www.geocities.com|98.137.46.72|:80... connected.
HTTP request sent, awaiting response... 200 OK
Length: 2536 (2.5K) [text/html]
Saving to: `103102.html.4'

     0K ..                                                    100%  244M=0s

2009-08-18 14:40:37 (244 MB/s) - `103102.html.4' saved [2536/2536]

--2009-08-18 14:40:37--  http://www.geocities.com/demospace213/103102.html
Connecting to www.geocities.com|98.137.46.72|:80... connected.
HTTP request sent, awaiting response... 200 OK
Length: 2536 (2.5K) [text/html]
Saving to: `103102.html.5'

     0K ..                                                    100% 98.5M=0s

2009-08-18 14:40:37 (98.5 MB/s) - `103102.html.5' saved [2536/2536]

--2009-08-18 14:40:37--  http://www.geocities.com/demospace213/103102.html
Connecting to www.geocities.com|98.137.46.72|:80... connected.
HTTP request sent, awaiting response... 200 OK
Length: 2536 (2.5K) [text/html]
Saving to: `103102.html.6'

     0K ..                                                    100%  233M=0s

2009-08-18 14:40:38 (233 MB/s) - `103102.html.6' saved [2536/2536]

--2009-08-18 14:40:38--  http://www.geocities.com/demospace213/103102.html
Connecting to www.geocities.com|98.137.46.72|:80... connected.
HTTP request sent, awaiting response... 200 OK
Length: 2536 (2.5K) [text/html]
Saving to: `103102.html.7'

     0K ..                                                    100%  263M=0s

2009-08-18 14:40:38 (263 MB/s) - `103102.html.7' saved [2536/2536]

--2009-08-18 14:40:38--  http://www.geocities.com/demospace213/103102.html
Connecting to www.geocities.com|98.137.46.72|:80... connected.
HTTP request sent, awaiting response... 200 OK
Length: 2536 (2.5K) [text/html]
Saving to: `103102.html.8'

     0K ..                                                    100%  282M=0s

2009-08-18 14:40:38 (282 MB/s) - `103102.html.8' saved [2536/2536]

--2009-08-18 14:40:38--  http://www.geocities.com/demospace213/103102.html
Connecting to www.geocities.com|98.137.46.72|:80... connected.
HTTP request sent, awaiting response... 200 OK
Length: 2536 (2.5K) [text/html]
Saving to: `103102.html.9'

     0K ..                                                    100%  253M=0s

2009-08-18 14:40:39 (253 MB/s) - `103102.html.9' saved [2536/2536]

--2009-08-18 14:40:39--  http://www.geocities.com/demospace213/103102.html
Connecting to www.geocities.com|98.137.46.72|:80... connected.
HTTP request sent, awaiting response... 200 OK
Length: 2536 (2.5K) [text/html]
Saving to: `103102.html.10'

     0K ..                                                    100%  302M=0s

2009-08-18 14:40:39 (302 MB/s) - `103102.html.10' saved [2536/2536]

--2009-08-18 14:40:39--  http://www.geocities.com/demospace213/103102.html
Connecting to www.geocities.com|98.137.46.72|:80... connected.
HTTP request sent, awaiting response... 200 OK
Length: 2536 (2.5K) [text/html]
Saving to: `103102.html.11'

     0K ..                                                    100%  286M=0s

2009-08-18 14:40:39 (286 MB/s) - `103102.html.11' saved [2536/2536]

--2009-08-18 14:40:39--  http://www.geocities.com/demospace213/103102.html
Connecting to www.geocities.com|98.137.46.72|:80... connected.
HTTP request sent, awaiting response... 200 OK
Length: 2536 (2.5K) [text/html]
Saving to: `103102.html.12'

     0K ..                                                    100%  245M=0s

2009-08-18 14:40:40 (245 MB/s) - `103102.html.12' saved [2536/2536]

--2009-08-18 14:40:40--  http://www.geocities.com/demospace213/103102.html
Connecting to www.geocities.com|98.137.46.72|:80... connected.
HTTP request sent, awaiting response... 200 OK
Length: 2536 (2.5K) [text/html]
Saving to: `103102.html.13'

     0K ..                                                    100%  221M=0s

2009-08-18 14:40:40 (221 MB/s) - `103102.html.13' saved [2536/2536]

--2009-08-18 14:40:40--  http://us.geocities.com/johannes_schlenger/WATCHOUT.zip
Resolving us.geocities.com... 98.137.46.72
Connecting to us.geocities.com|98.137.46.72|:80... connected.
HTTP request sent, awaiting response... 200 OK
Length: 4067 (4.0K) [application/zip]
Saving to: `WATCHOUT.zip'

     0K ...                                                   100% 23.6K=0.2s

2009-08-18 14:40:41 (23.6 KB/s) - `WATCHOUT.zip' saved [4067/4067]

--2009-08-18 14:40:41--  http://www.geocities.com/rubixcom/am_inf18.zip
Connecting to www.geocities.com|98.137.46.72|:80... connected.
HTTP request sent, awaiting response... 404 Not Found
2009-08-18 14:40:41 ERROR 404: Not Found.

--2009-08-18 14:40:41--  http://www.geocities.com/rubixcom/am_fuzzy.zip
Connecting to www.geocities.com|98.137.46.72|:80... connected.
HTTP request sent, awaiting response... 404 Not Found
2009-08-18 14:40:41 ERROR 404: Not Found.

--2009-08-18 14:40:41--  http://www.geocities.com/rubixcom/am_trans.zip
Connecting to www.geocities.com|98.137.46.72|:80... connected.
HTTP request sent, awaiting response... 404 Not Found
2009-08-18 14:40:42 ERROR 404: Not Found.

--2009-08-18 14:40:42--  http://www.geocities.com/rubixcom/am_frost.zip
Connecting to www.geocities.com|98.137.46.72|:80... connected.
HTTP request sent, awaiting response... 404 Not Found
2009-08-18 14:40:42 ERROR 404: Not Found.

--2009-08-18 14:40:42--  http://www.geocities.com/rubixcom/am_cot.zip
Connecting to www.geocities.com|98.137.46.72|:80... connected.
HTTP request sent, awaiting response... 404 Not Found
2009-08-18 14:40:42 ERROR 404: Not Found.

--2009-08-18 14:40:42--  http://www.geocities.com/johannes_schlenger/BS.ZIP
Connecting to www.geocities.com|98.137.46.72|:80... connected.
HTTP request sent, awaiting response... 200 OK
Length: 352 [application/zip]
Saving to: `BS.ZIP'

     0K                                                       100% 39.4M=0s

2009-08-18 14:40:43 (39.4 MB/s) - `BS.ZIP' saved [352/352]

--2009-08-18 14:40:43--  http://www.geocities.com/johannes_schlenger/augenkrebs.zip
Connecting to www.geocities.com|98.137.46.72|:80... connected.
HTTP request sent, awaiting response... 200 OK
Length: 2305 (2.3K) [application/zip]
Saving to: `augenkrebs.zip'

     0K ..                                                    100%  254M=0s

2009-08-18 14:40:43 (254 MB/s) - `augenkrebs.zip' saved [2305/2305]

--2009-08-18 14:40:43--  http://us.geocities.com/amigaintros1/p/paradox/paradox_nickyboom2.zip
Connecting to us.geocities.com|98.137.46.72|:80... connected.
HTTP request sent, awaiting response... 200 OK
Length: 44957 (44K) [application/zip]
Saving to: `paradox_nickyboom2.zip'

     0K .......... .......... .......... .......... ...       100% 90.5K=0.5s

2009-08-18 14:40:44 (90.5 KB/s) - `paradox_nickyboom2.zip' saved [44957/44957]

--2009-08-18 14:40:44--  http://www.geocities.com/clemsche/data/cologne.zip
Connecting to www.geocities.com|98.137.46.72|:80... connected.
HTTP request sent, awaiting response... 200 OK
Length: 10968 (11K) [application/zip]
Saving to: `cologne.zip'

     0K ..........                                            100% 61.0K=0.2s

2009-08-18 14:40:44 (61.0 KB/s) - `cologne.zip' saved [10968/10968]

--2009-08-18 14:40:44--  http://www.geocities.com/SiliconValley/Lakes/2849/mission.zip
Connecting to www.geocities.com|98.137.46.72|:80... connected.
HTTP request sent, awaiting response... 200 OK
Length: 447934 (437K) [application/zip]
Saving to: `mission.zip'

     0K .......... .......... .......... .......... .......... 11% 99.9K 4s
    50K .......... .......... .......... .......... .......... 22%  304K 2s
   100K .......... .......... .......... .......... .......... 34%  304K 2s
   150K .......... .......... .......... .......... .......... 45%  304K 1s
   200K .......... .......... .......... .......... .......... 57% 53.6M 1s
   250K .......... .......... .......... .......... .......... 68%  305K 1s
   300K .......... .......... .......... .......... .......... 80% 57.9M 0s
   350K .......... .......... .......... .......... .......... 91% 1.35M 0s
   400K .......... .......... .......... .......              100%  273K=1.3s

2009-08-18 14:40:46 (328 KB/s) - `mission.zip' saved [447934/447934]

--2009-08-18 14:40:46--  http://www.geocities.com/stf_dev/napalm-detonation.zip
Connecting to www.geocities.com|98.137.46.72|:80... connected.
HTTP request sent, awaiting response... 404 Not Found
2009-08-18 14:40:46 ERROR 404: Not Found.

--2009-08-18 14:40:46--  http://www.geocities.com/amigaintros1/s/skidrow/skidrow_magiclines.zip
Connecting to www.geocities.com|98.137.46.72|:80... connected.
HTTP request sent, awaiting response... 200 OK
Length: 6730 (6.6K) [application/zip]
Saving to: `skidrow_magiclines.zip'

     0K ......                                                100% 38.9K=0.2s

2009-08-18 14:40:47 (38.9 KB/s) - `skidrow_magiclines.zip' saved [6730/6730]

--2009-08-18 14:40:47--  http://www.geocities.com/xperience2003/dashoota.htm
Connecting to www.geocities.com|98.137.46.72|:80... connected.
HTTP request sent, awaiting response... 403 Forbidden
2009-08-18 14:40:47 ERROR 403: Forbidden.

--2009-08-18 14:40:47--  http://www.geocities.com/star_gate_85/dosyalar/EnterTheMatrix.zip
Connecting to www.geocities.com|98.137.46.72|:80... connected.
HTTP request sent, awaiting response... 200 OK
Length: 350292 (342K) [application/zip]
Saving to: `EnterTheMatrix.zip'

     0K .......... .......... .......... .......... .......... 14%  104K 3s
    50K .......... .......... .......... .......... .......... 29%  289K 2s
   100K .......... .......... .......... .......... .......... 43%  312K 1s
   150K .......... .......... .......... .......... .......... 58%  313K 1s
   200K .......... .......... .......... .......... .......... 73% 52.7M 0s
   250K .......... .......... .......... .......... .......... 87%  316K 0s
   300K .......... .......... .......... .......... ..        100% 28.0M=1.1s

2009-08-18 14:40:49 (301 KB/s) - `EnterTheMatrix.zip' saved [350292/350292]

--2009-08-18 14:40:49--  http://www.geocities.com/star_gate_85/dosyalar/back2back.zip
Connecting to www.geocities.com|98.137.46.72|:80... connected.
HTTP request sent, awaiting response... 200 OK
Length: 1364227 (1.3M) [application/zip]
Saving to: `back2back.zip'

     0K .......... .......... .......... .......... ..........  3%  105K 12s
    50K .......... .......... .......... .......... ..........  7%  315K 8s
   100K .......... .......... .......... .......... .......... 11%  316K 6s
   150K .......... .......... .......... .......... .......... 15%  304K 5s
   200K .......... .......... .......... .......... .......... 18% 47.5M 4s
   250K .......... .......... .......... .......... .......... 22%  318K 4s
   300K .......... .......... .......... .......... .......... 26% 41.8M 3s
   350K .......... .......... .......... .......... .......... 30%  318K 3s
   400K .......... .......... .......... .......... .......... 33% 41.6M 2s
   450K .......... .......... .......... .......... .......... 37% 41.8M 2s
   500K .......... .......... .......... .......... .......... 41% 23.4M 2s
   550K .......... .......... .......... .......... .......... 45% 17.4M 2s
   600K .......... .......... .......... .......... .......... 48%  327K 2s
   650K .......... .......... .......... .......... .......... 52% 22.9M 1s
   700K .......... .......... .......... .......... .......... 56% 7.99M 1s
   750K .......... .......... .......... .......... .......... 60% 17.6M 1s
   800K .......... .......... .......... .......... .......... 63%  341K 1s
   850K .......... .......... .......... .......... .......... 67% 15.7M 1s
   900K .......... .......... .......... .......... .......... 71% 19.8M 1s
   950K .......... .......... .......... .......... .......... 75% 7.60M 1s
  1000K .......... .......... .......... .......... .......... 78%  328K 0s
  1050K .......... .......... .......... .......... .......... 82% 2.59M 0s
  1100K .......... .......... .......... .......... .......... 86% 19.9M 0s
  1150K .......... .......... .......... .......... .......... 90% 12.6M 0s
  1200K .......... .......... .......... .......... .......... 93% 15.7M 0s
  1250K .......... .......... .......... .......... .......... 97%  340K 0s
  1300K .......... .......... .......... ..                   100% 13.5M=1.9s

2009-08-18 14:40:51 (689 KB/s) - `back2back.zip' saved [1364227/1364227]

--2009-08-18 14:40:51--  http://www.geocities.com/gnakos/Alivetro.zip
Connecting to www.geocities.com|98.137.46.72|:80... connected.
HTTP request sent, awaiting response... 200 OK
Length: 26066 (25K) [application/zip]
Saving to: `Alivetro.zip'

     0K .......... .......... .....                           100% 76.0K=0.3s

2009-08-18 14:40:52 (76.0 KB/s) - `Alivetro.zip' saved [26066/26066]

--2009-08-18 14:40:52--  http://www.geocities.com/gnakos/maggie28.zip
Connecting to www.geocities.com|98.137.46.72|:80... connected.
HTTP request sent, awaiting response... 200 OK
Length: 17924 (18K) [application/zip]
Saving to: `maggie28.zip'

     0K .......... .......                                    100% 55.3K=0.3s

2009-08-18 14:40:52 (55.3 KB/s) - `maggie28.zip' saved [17924/17924]

--2009-08-18 14:40:52--  http://www.geocities.com/gnakos/LoveHappiness.zip
Connecting to www.geocities.com|98.137.46.72|:80... connected.
HTTP request sent, awaiting response... 200 OK
Length: 17454 (17K) [application/zip]
Saving to: `LoveHappiness.zip'

     0K .......... .......                                    100% 53.4K=0.3s

2009-08-18 14:40:53 (53.4 KB/s) - `LoveHappiness.zip' saved [17454/17454]

--2009-08-18 14:40:53--  http://www.geocities.com/gnakos/others/CYNIX.zip
Connecting to www.geocities.com|98.137.46.72|:80... connected.
HTTP request sent, awaiting response... 200 OK
Length: 85214 (83K) [application/zip]
Saving to: `CYNIX.zip'

     0K .......... .......... .......... .......... .......... 60% 99.5K 0s
    50K .......... .......... .......... ...                  100%  189K=0.7s

2009-08-18 14:40:54 (123 KB/s) - `CYNIX.zip' saved [85214/85214]

--2009-08-18 14:40:54--  http://www.geocities.com/slamkoder/getaids.zip
Connecting to www.geocities.com|98.137.46.72|:80... connected.
HTTP request sent, awaiting response... 200 OK
Length: 2216 (2.2K) [application/zip]
Saving to: `getaids.zip'

     0K ..                                                    100%  194M=0s

2009-08-18 14:40:54 (194 MB/s) - `getaids.zip' saved [2216/2216]

--2009-08-18 14:40:54--  http://www.geocities.com/marcosnavarro/SWAT_by_Marquete.zip
Connecting to www.geocities.com|98.137.46.72|:80... connected.
HTTP request sent, awaiting response... 404 Not Found
2009-08-18 14:40:55 ERROR 404: Not Found.

--2009-08-18 14:40:55--  http://www.geocities.com/Colosseum/Field/3259/Xcopydemo.zip
Connecting to www.geocities.com|98.137.46.72|:80... connected.
HTTP request sent, awaiting response... 200 OK
Length: 268711 (262K) [application/zip]
Saving to: `Xcopydemo.zip'

     0K .......... .......... .......... .......... .......... 19% 99.9K 2s
    50K .......... .......... .......... .......... .......... 38%  304K 1s
   100K .......... .......... .......... .......... .......... 57%  299K 1s
   150K .......... .......... .......... .......... .......... 76%  305K 0s
   200K .......... .......... .......... .......... .......... 95% 49.2M 0s
   250K .......... ..                                         100% 45.1M=1.0s

2009-08-18 14:40:56 (263 KB/s) - `Xcopydemo.zip' saved [268711/268711]

--2009-08-18 14:40:56--  http://www.geocities.com/slamkoder/guess_a_chart.d64
Connecting to www.geocities.com|98.137.46.72|:80... connected.
HTTP request sent, awaiting response... 200 OK
Length: 174848 (171K) [application/octet-stream]
Saving to: `guess_a_chart.d64'

     0K .......... .......... .......... .......... .......... 29%  102K 1s
    50K .......... .......... .......... .......... .......... 58%  312K 0s
   100K .......... .......... .......... .......... .......... 87%  312K 0s
   150K .......... ..........                                 100%  511K=0.9s

2009-08-18 14:40:57 (200 KB/s) - `guess_a_chart.d64' saved [174848/174848]

--2009-08-18 14:40:57--  http://www.geocities.com/magicnah/corrupt.zip
Connecting to www.geocities.com|98.137.46.72|:80... connected.
HTTP request sent, awaiting response... 200 OK
Length: 122463 (120K) [application/zip]
Saving to: `corrupt.zip'

     0K .......... .......... .......... .......... .......... 41% 96.7K 1s
    50K .......... .......... .......... .......... .......... 83%  295K 0s
   100K .......... .........                                  100%  116K=0.9s

2009-08-18 14:40:58 (140 KB/s) - `corrupt.zip' saved [122463/122463]

--2009-08-18 14:40:58--  http://www.geocities.com/thebitsclub/BITS21-ST-20060627.zip
Connecting to www.geocities.com|98.137.46.72|:80... connected.
HTTP request sent, awaiting response... 404 Not Found
2009-08-18 14:40:59 ERROR 404: Not Found.

--2009-08-18 14:40:59--  http://de.geocities.com/qmland25/quickyfun.zip
Resolving de.geocities.com... 98.137.46.72
Connecting to de.geocities.com|98.137.46.72|:80... connected.
HTTP request sent, awaiting response... 200 OK
Length: 89937 (88K) [application/zip]
Saving to: `quickyfun.zip'

     0K .......... .......... .......... .......... .......... 56%  102K 0s
    50K .......... .......... .......... .......              100%  229K=0.7s

2009-08-18 14:41:00 (134 KB/s) - `quickyfun.zip' saved [89937/89937]

--2009-08-18 14:41:00--  http://www.geocities.com/chaoscpc/CLabv20.zip
Connecting to www.geocities.com|98.137.46.72|:80... connected.
HTTP request sent, awaiting response... 200 OK
Length: 76634 (75K) [application/zip]
Saving to: `CLabv20.zip'

     0K .......... .......... .......... .......... .......... 66%  103K 0s
    50K .......... .......... ....                            100%  156K=0.6s

2009-08-18 14:41:01 (116 KB/s) - `CLabv20.zip' saved [76634/76634]

--2009-08-18 14:41:01--  http://www.geocities.com/chaoscpc/dou_prv.zip
Connecting to www.geocities.com|98.137.46.72|:80... connected.
HTTP request sent, awaiting response... 200 OK
Length: 12218 (12K) [application/zip]
Saving to: `dou_prv.zip'

     0K .......... .                                          100% 35.5K=0.3s

2009-08-18 14:41:01 (35.5 KB/s) - `dou_prv.zip' saved [12218/12218]

--2009-08-18 14:41:01--  http://www.geocities.com/magicnah/cyanide-gifpack.zip
Connecting to www.geocities.com|98.137.46.72|:80... connected.
HTTP request sent, awaiting response... 200 OK
Length: 55160 (54K) [application/zip]
Saving to: `cyanide-gifpack.zip'

     0K .......... .......... .......... .......... .......... 92%  101K 0s
    50K ...                                                   100% 7376G=0.5s

2009-08-18 14:41:02 (108 KB/s) - `cyanide-gifpack.zip' saved [55160/55160]

--2009-08-18 14:41:02--  http://www.geocities.com/erno_szekely/tantrix.zip
Connecting to www.geocities.com|98.137.46.72|:80... connected.
HTTP request sent, awaiting response... 404 Not Found
2009-08-18 14:41:03 ERROR 404: Not Found.

--2009-08-18 14:41:03--  http://www.geocities.com/erno_szekely/MX.zip
Connecting to www.geocities.com|98.137.46.72|:80... connected.
HTTP request sent, awaiting response... 404 Not Found
2009-08-18 14:41:03 ERROR 404: Not Found.

--2009-08-18 14:41:03--  http://www.geocities.com/erno_szekely/xmas.zip
Connecting to www.geocities.com|98.137.46.72|:80... connected.
HTTP request sent, awaiting response... 404 Not Found
2009-08-18 14:41:03 ERROR 404: Not Found.

--2009-08-18 14:41:03--  http://in.geocities.com/suckingrhinocock/nun.html
Resolving in.geocities.com... 98.137.46.72
Connecting to in.geocities.com|98.137.46.72|:80... connected.
HTTP request sent, awaiting response... 200 OK
Length: 2438 (2.4K) [text/html]
Saving to: `nun.html'

     0K ..                                                    100%  320M=0s

2009-08-18 14:41:04 (320 MB/s) - `nun.html' saved [2438/2438]

--2009-08-18 14:41:04--  http://www.geocities.com/digimind/color_dream.zip
Connecting to www.geocities.com|98.137.46.72|:80... connected.
HTTP request sent, awaiting response... 200 OK
Length: 459 [application/zip]
Saving to: `color_dream.zip'

     0K                                                       100% 75.4M=0s

2009-08-18 14:41:04 (75.4 MB/s) - `color_dream.zip' saved [459/459]

--2009-08-18 14:41:04--  http://es.geocities.com/pedropajarito/rainbow.zip
Resolving es.geocities.com... 98.137.46.72
Connecting to es.geocities.com|98.137.46.72|:80... connected.
HTTP request sent, awaiting response... 200 OK
Length: 2960 (2.9K) [application/zip]
Saving to: `rainbow.zip'

     0K ..                                                    100%  326M=0s

2009-08-18 14:41:04 (326 MB/s) - `rainbow.zip' saved [2960/2960]

--2009-08-18 14:41:04--  http://www.geocities.com/dminds_cpc/4demos.zip
Connecting to www.geocities.com|98.137.46.72|:80... connected.
HTTP request sent, awaiting response... 200 OK
Length: 81565 (80K) [application/zip]
Saving to: `4demos.zip'

     0K .......... .......... .......... .......... .......... 62%  104K 0s
    50K .......... .......... .........                       100%  185K=0.6s

2009-08-18 14:41:05 (124 KB/s) - `4demos.zip' saved [81565/81565]

--2009-08-18 14:41:05--  http://www.geocities.com/dminds_cpc/4demos.zip
Connecting to www.geocities.com|98.137.46.72|:80... connected.
HTTP request sent, awaiting response... 200 OK
Length: 81565 (80K) [application/zip]
Saving to: `4demos.zip.1'

     0K .......... .......... .......... .......... .......... 62%  102K 0s
    50K .......... .......... .........                       100%  185K=0.6s

2009-08-18 14:41:06 (123 KB/s) - `4demos.zip.1' saved [81565/81565]

--2009-08-18 14:41:06--  http://www.geocities.com/goodguy_nl/kopper256b.zip
Connecting to www.geocities.com|98.137.46.72|:80... connected.
HTTP request sent, awaiting response... 200 OK
Length: 3937 (3.8K) [application/zip]
Saving to: `kopper256b.zip'

     0K ...                                                   100% 23.5K=0.2s

2009-08-18 14:41:07 (23.5 KB/s) - `kopper256b.zip' saved [3937/3937]

--2009-08-18 14:41:07--  http://www.geocities.com/boltbaits/256byte/INDECSRC.ZIP
Connecting to www.geocities.com|98.137.46.72|:80... connected.
HTTP request sent, awaiting response... 200 OK
Length: 4608 (4.5K) [application/zip]
Saving to: `INDECSRC.ZIP'

     0K ....                                                  100% 27.4K=0.2s

2009-08-18 14:41:07 (27.4 KB/s) - `INDECSRC.ZIP' saved [4608/4608]

--2009-08-18 14:41:07--  http://www.geocities.com/boltbaits/256byte/SW.ZIP
Connecting to www.geocities.com|98.137.46.72|:80... connected.
HTTP request sent, awaiting response... 200 OK
Length: 7794 (7.6K) [application/zip]
Saving to: `SW.ZIP'

     0K .......                                               100% 45.1K=0.2s

2009-08-18 14:41:08 (45.1 KB/s) - `SW.ZIP' saved [7794/7794]

--2009-08-18 14:41:08--  http://www.geocities.com/boltbaits/256byte/F1-TURBO.ZIP
Connecting to www.geocities.com|98.137.46.72|:80... connected.
HTTP request sent, awaiting response... 200 OK
Length: 9594 (9.4K) [application/zip]
Saving to: `F1-TURBO.ZIP'

     0K .........                                             100% 57.2K=0.2s

2009-08-18 14:41:08 (57.2 KB/s) - `F1-TURBO.ZIP' saved [9594/9594]

--2009-08-18 14:41:08--  http://de.geocities.com/qmland25/in_some_days_is_BP.zip
Connecting to de.geocities.com|98.137.46.72|:80... connected.
HTTP request sent, awaiting response... 200 OK
Length: 35659 (35K) [application/zip]
Saving to: `in_some_days_is_BP.zip'

     0K .......... .......... .......... ....                 100% 72.6K=0.5s

2009-08-18 14:41:09 (72.6 KB/s) - `in_some_days_is_BP.zip' saved [35659/35659]

--2009-08-18 14:41:09--  http://www.geocities.com/digimind/neon_station.zip
Connecting to www.geocities.com|98.137.46.72|:80... connected.
HTTP request sent, awaiting response... 200 OK
Length: 8864 (8.7K) [application/zip]
Saving to: `neon_station.zip'

     0K ........                                              100% 50.0K=0.2s

2009-08-18 14:41:10 (50.0 KB/s) - `neon_station.zip' saved [8864/8864]

--2009-08-18 14:41:10--  http://www.geocities.com/SiliconValley/Vista/8716/digitalx.zip
Connecting to www.geocities.com|98.137.46.72|:80... connected.
HTTP request sent, awaiting response... 403 Forbidden
2009-08-18 14:41:10 ERROR 403: Forbidden.

--2009-08-18 14:41:10--  http://www.geocities.com/SiliconValley/Vista/8716/rising.zip
Connecting to www.geocities.com|98.137.46.72|:80... connected.
HTTP request sent, awaiting response... 403 Forbidden
2009-08-18 14:41:10 ERROR 403: Forbidden.

--2009-08-18 14:41:10--  http://www.geocities.com/SiliconValley/Vista/8716/slide.zip
Connecting to www.geocities.com|98.137.46.72|:80... connected.
HTTP request sent, awaiting response... 403 Forbidden
2009-08-18 14:41:11 ERROR 403: Forbidden.

--2009-08-18 14:41:11--  http://www.geocities.com/SiliconValley/Vista/8716/lost.zip
Connecting to www.geocities.com|98.137.46.72|:80... connected.
HTTP request sent, awaiting response... 403 Forbidden
2009-08-18 14:41:11 ERROR 403: Forbidden.

--2009-08-18 14:41:11--  http://www.geocities.com/SiliconValley/Vista/8716/avend.zip
Connecting to www.geocities.com|98.137.46.72|:80... connected.
HTTP request sent, awaiting response... 403 Forbidden
2009-08-18 14:41:11 ERROR 403: Forbidden.

--2009-08-18 14:41:11--  http://www.geocities.com/SiliconValley/Vista/8716/medway.zip
Connecting to www.geocities.com|98.137.46.72|:80... connected.
HTTP request sent, awaiting response... 403 Forbidden
2009-08-18 14:41:12 ERROR 403: Forbidden.

--2009-08-18 14:41:12--  http://www.geocities.com/trollingwithcode/al-taubah.zip
Connecting to www.geocities.com|98.137.46.72|:80... connected.
HTTP request sent, awaiting response... 200 OK
Length: 1205806 (1.1M) [application/zip]
Saving to: `al-taubah.zip'

     0K .......... .......... .......... .......... ..........  4%  100K 11s
    50K .......... .......... .......... .......... ..........  8%  305K 7s
   100K .......... .......... .......... .......... .......... 12%  303K 6s
   150K .......... .......... .......... .......... .......... 16%  306K 5s
   200K .......... .......... .......... .......... .......... 21% 57.1M 4s
   250K .......... .......... .......... .......... .......... 25%  308K 3s
   300K .......... .......... .......... .......... .......... 29% 52.8M 3s
   350K .......... .......... .......... .......... .......... 33%  291K 3s
   400K .......... .......... .......... .......... .......... 38% 52.7M 2s
   450K .......... .......... .......... .......... .......... 42% 47.9M 2s
   500K .......... .......... .......... .......... .......... 46% 20.5M 2s
   550K .......... .......... .......... .......... .......... 50%  314K 1s
   600K .......... .......... .......... .......... .......... 55% 19.6M 1s
   650K .......... .......... .......... .......... .......... 59% 21.8M 1s
   700K .......... .......... .......... .......... .......... 63% 13.5M 1s
   750K .......... .......... .......... .......... .......... 67% 17.9M 1s
   800K .......... .......... .......... .......... .......... 72%  322K 1s
   850K .......... .......... .......... .......... .......... 76% 14.4M 1s
   900K .......... .......... .......... .......... .......... 80% 36.9M 0s
   950K .......... .......... .......... .......... .......... 84% 17.3M 0s
  1000K .......... .......... .......... .......... .......... 89%  313K 0s
  1050K .......... .......... .......... .......... .......... 93% 7.77M 0s
  1100K .......... .......... .......... .......... .......... 97% 21.8M 0s
  1150K .......... .......... .......                         100% 13.2M=1.8s

2009-08-18 14:41:14 (642 KB/s) - `al-taubah.zip' saved [1205806/1205806]

FINISHED --2009-08-18 14:41:14--
Downloaded: 62 files, 6.0M in 21s (300 KB/s)
