--2009-08-18 14:43:08--  http://www.geocities.com/demospace213/aragorn.zip
Resolving www.geocities.com... 98.137.46.72
Connecting to www.geocities.com|98.137.46.72|:80... connected.
HTTP request sent, awaiting response... 200 OK
Length: 38521 (38K) [application/zip]
Saving to: `aragorn.zip'

     0K .......... .......... .......... .......              100% 79.0K=0.5s

2009-08-18 14:43:08 (79.0 KB/s) - `aragorn.zip' saved [38521/38521]

--2009-08-18 14:43:08--  http://www.geocities.com/demospace213/bbsinfo.zip
Connecting to www.geocities.com|98.137.46.72|:80... connected.
HTTP request sent, awaiting response... 200 OK
Length: 320694 (313K) [application/zip]
Saving to: `bbsinfo.zip'

     0K .......... .......... .......... .......... .......... 15%  105K 3s
    50K .......... .......... .......... .......... .......... 31%  315K 1s
   100K .......... .......... .......... .......... .......... 47%  316K 1s
   150K .......... .......... .......... .......... .......... 63%  316K 1s
   200K .......... .......... .......... .......... .......... 79% 52.3M 0s
   250K .......... .......... .......... .......... .......... 95%  318K 0s
   300K .......... ...                                        100% 50.0M=1.1s

2009-08-18 14:43:10 (283 KB/s) - `bbsinfo.zip' saved [320694/320694]

--2009-08-18 14:43:10--  http://www.geocities.com/demospace213/cosmof.zip
Connecting to www.geocities.com|98.137.46.72|:80... connected.
HTTP request sent, awaiting response... 200 OK
Length: 254670 (249K) [application/zip]
Saving to: `cosmof.zip'

     0K .......... .......... .......... .......... .......... 20%  102K 2s
    50K .......... .......... .......... .......... .......... 40%  305K 1s
   100K .......... .......... .......... .......... .......... 60%  305K 1s
   150K .......... .......... .......... .......... .......... 80%  271K 0s
   200K .......... .......... .......... .......... ........  100% 54.8M=1.0s

2009-08-18 14:43:11 (248 KB/s) - `cosmof.zip' saved [254670/254670]

--2009-08-18 14:43:11--  http://www.geocities.com/demospace213/dontreset.zip
Connecting to www.geocities.com|98.137.46.72|:80... connected.
HTTP request sent, awaiting response... 200 OK
Length: 28943 (28K) [application/zip]
Saving to: `dontreset.zip'

     0K .......... .......... ........                        100% 59.4K=0.5s

2009-08-18 14:43:12 (59.4 KB/s) - `dontreset.zip' saved [28943/28943]

--2009-08-18 14:43:12--  http://www.geocities.com/demospace213/enjoystick.zip
Connecting to www.geocities.com|98.137.46.72|:80... connected.
HTTP request sent, awaiting response... 200 OK
Length: 87461 (85K) [application/zip]
Saving to: `enjoystick.zip'

     0K .......... .......... .......... .......... .......... 58%  102K 0s
    50K .......... .......... .......... .....                100%  216K=0.7s

2009-08-18 14:43:13 (130 KB/s) - `enjoystick.zip' saved [87461/87461]

--2009-08-18 14:43:13--  http://www.geocities.com/demospace213/intro.zip
Connecting to www.geocities.com|98.137.46.72|:80... connected.
HTTP request sent, awaiting response... 200 OK
Length: 21814 (21K) [application/zip]
Saving to: `intro.zip'

     0K .......... .......... .                               100% 65.2K=0.3s

2009-08-18 14:43:14 (65.2 KB/s) - `intro.zip' saved [21814/21814]

--2009-08-18 14:43:14--  http://www.geocities.com/demospace213/introtc.zip
Connecting to www.geocities.com|98.137.46.72|:80... connected.
HTTP request sent, awaiting response... 200 OK
Length: 21950 (21K) [application/zip]
Saving to: `introtc.zip'

     0K .......... .......... .                               100% 64.5K=0.3s

2009-08-18 14:43:14 (64.5 KB/s) - `introtc.zip' saved [21950/21950]

--2009-08-18 14:43:14--  http://www.geocities.com/demospace213/pacmag10.zip
Connecting to www.geocities.com|98.137.46.72|:80... connected.
HTTP request sent, awaiting response... 200 OK
Length: 100809 (98K) [application/zip]
Saving to: `pacmag10.zip'

     0K .......... .......... .......... .......... .......... 50%  101K 0s
    50K .......... .......... .......... .......... ........  100%  292K=0.7s

2009-08-18 14:43:15 (148 KB/s) - `pacmag10.zip' saved [100809/100809]

FINISHED --2009-08-18 14:43:15--
Downloaded: 8 files, 854K in 5.0s (169 KB/s)
