--2009-08-18 14:45:02--  http://www.geocities.com/demospace213/cedric.zip
Resolving www.geocities.com... 98.137.46.72
Connecting to www.geocities.com|98.137.46.72|:80... connected.
HTTP request sent, awaiting response... 200 OK
Length: 17313 (17K) [application/zip]
Saving to: `cedric.zip'

     0K .......... ......                                     100% 49.8K=0.3s

2009-08-18 14:45:03 (49.8 KB/s) - `cedric.zip' saved [17313/17313]

--2009-08-18 14:45:03--  http://www.geocities.com/demospace213/dfxpzl.zip
Connecting to www.geocities.com|98.137.46.72|:80... connected.
HTTP request sent, awaiting response... 200 OK
Length: 21164 (21K) [application/zip]
Saving to: `dfxpzl.zip'

     0K .......... ..........                                 100% 61.2K=0.3s

2009-08-18 14:45:03 (61.2 KB/s) - `dfxpzl.zip' saved [21164/21164]

--2009-08-18 14:45:03--  http://www.geocities.com/demospace213/dwolf.zip
Connecting to www.geocities.com|98.137.46.72|:80... connected.
HTTP request sent, awaiting response... 200 OK
Length: 17221 (17K) [application/zip]
Saving to: `dwolf.zip'

     0K .......... ......                                     100% 49.8K=0.3s

2009-08-18 14:45:04 (49.8 KB/s) - `dwolf.zip' saved [17221/17221]

--2009-08-18 14:45:04--  http://www.geocities.com/demospace213/fshock.zip
Connecting to www.geocities.com|98.137.46.72|:80... connected.
HTTP request sent, awaiting response... 200 OK
Length: 8147 (8.0K) [application/zip]
Saving to: `fshock.zip'

     0K .......                                               100% 48.7K=0.2s

2009-08-18 14:45:04 (48.7 KB/s) - `fshock.zip' saved [8147/8147]

--2009-08-18 14:45:04--  http://www.geocities.com/demospace213/humans3.zip
Connecting to www.geocities.com|98.137.46.72|:80... connected.
HTTP request sent, awaiting response... 200 OK
Length: 21459 (21K) [application/zip]
Saving to: `humans3.zip'

     0K .......... ..........                                 100% 63.8K=0.3s

2009-08-18 14:45:05 (63.8 KB/s) - `humans3.zip' saved [21459/21459]

--2009-08-18 14:45:05--  http://www.geocities.com/demospace213/jimmy.zip
Connecting to www.geocities.com|98.137.46.72|:80... connected.
HTTP request sent, awaiting response... 200 OK
Length: 10468 (10K) [application/zip]
Saving to: `jimmy.zip'

     0K ..........                                            100% 60.4K=0.2s

2009-08-18 14:45:06 (60.4 KB/s) - `jimmy.zip' saved [10468/10468]

--2009-08-18 14:45:06--  http://www.geocities.com/demospace213/miki.zip
Connecting to www.geocities.com|98.137.46.72|:80... connected.
HTTP request sent, awaiting response... 200 OK
Length: 15399 (15K) [application/zip]
Saving to: `miki.zip'

     0K .......... .....                                      100% 45.8K=0.3s

2009-08-18 14:45:06 (45.8 KB/s) - `miki.zip' saved [15399/15399]

--2009-08-18 14:45:06--  http://www.geocities.com/demospace213/pphammer.zip
Connecting to www.geocities.com|98.137.46.72|:80... connected.
HTTP request sent, awaiting response... 200 OK
Length: 7944 (7.8K) [application/zip]
Saving to: `pphammer.zip'

     0K .......                                               100% 47.4K=0.2s

2009-08-18 14:45:07 (47.4 KB/s) - `pphammer.zip' saved [7944/7944]

--2009-08-18 14:45:07--  http://www.geocities.com/demospace213/puggsy.zip
Connecting to www.geocities.com|98.137.46.72|:80... connected.
HTTP request sent, awaiting response... 200 OK
Length: 9262 (9.0K) [application/zip]
Saving to: `puggsy.zip'

     0K .........                                             100% 55.1K=0.2s

2009-08-18 14:45:07 (55.1 KB/s) - `puggsy.zip' saved [9262/9262]

--2009-08-18 14:45:07--  http://www.geocities.com/demospace213/swonder.zip
Connecting to www.geocities.com|98.137.46.72|:80... connected.
HTTP request sent, awaiting response... 200 OK
Length: 24981 (24K) [application/zip]
Saving to: `swonder.zip'

     0K .......... .......... ....                            100% 74.4K=0.3s

2009-08-18 14:45:08 (74.4 KB/s) - `swonder.zip' saved [24981/24981]

--2009-08-18 14:45:08--  http://www.geocities.com/demospace213/testa.zip
Connecting to www.geocities.com|98.137.46.72|:80... connected.
HTTP request sent, awaiting response... 200 OK
Length: 29072 (28K) [application/zip]
Saving to: `testa.zip'

     0K .......... .......... ........                        100% 59.8K=0.5s

2009-08-18 14:45:09 (59.8 KB/s) - `testa.zip' saved [29072/29072]

--2009-08-18 14:45:09--  http://www.geocities.com/demospace213/tgun.zip
Connecting to www.geocities.com|98.137.46.72|:80... connected.
HTTP request sent, awaiting response... 200 OK
Length: 11901 (12K) [application/zip]
Saving to: `tgun.zip'

     0K .......... .                                          100% 35.6K=0.3s

2009-08-18 14:45:10 (35.6 KB/s) - `tgun.zip' saved [11901/11901]

--2009-08-18 14:45:10--  http://www.geocities.com/demospace213/tron.zip
Connecting to www.geocities.com|98.137.46.72|:80... connected.
HTTP request sent, awaiting response... 200 OK
Length: 13787 (13K) [application/zip]
Saving to: `tron.zip'

     0K .......... ...                                        100% 41.0K=0.3s

2009-08-18 14:45:10 (41.0 KB/s) - `tron.zip' saved [13787/13787]

--2009-08-18 14:45:10--  http://www.geocities.com/demospace213/wheels.zip
Connecting to www.geocities.com|98.137.46.72|:80... connected.
HTTP request sent, awaiting response... 200 OK
Length: 31172 (30K) [application/zip]
Saving to: `wheels.zip'

     0K .......... .......... ..........                      100% 62.0K=0.5s

2009-08-18 14:45:11 (62.0 KB/s) - `wheels.zip' saved [31172/31172]

FINISHED --2009-08-18 14:45:11--
Downloaded: 14 files, 234K in 4.3s (54.6 KB/s)
